<?xml version="1.0" encoding="UTF-8"?>
<!-- Generated by org.testng.reporters.JUnitReportReporter -->
<testsuite hostname="DESKTOP-T13BMDD" failures="0" tests="4" name="Cooprate.JoinUS" time="30.967" errors="0" timestamp="2024-12-26T13:03:37 IST" skipped="0">
  <testcase classname="Cooprate.JoinUS" name="testJoinUsButtonNavigation" time="5.783"/>
  <testcase classname="Cooprate.JoinUS" name="testFormElementsDisplayed" time="7.086"/>
  <testcase classname="Cooprate.JoinUS" name="testFormSubmission" time="12.006"/>
  <testcase classname="Cooprate.JoinUS" name="testCancelButtonFunctionality" time="6.092"/>
</testsuite> <!-- Cooprate.JoinUS -->
