<?xml version="1.0" encoding="UTF-8"?>
<!-- Generated by org.testng.reporters.JUnitReportReporter -->
<testsuite hostname="DESKTOP-T13BMDD" failures="0" tests="5" name="Cooprate.SignIN" time="56.671" errors="0" timestamp="2024-12-26T13:07:22 IST" skipped="0">
  <testcase classname="Cooprate.SignIN" name="testSignInButtonVisibility" time="6.316"/>
  <testcase classname="Cooprate.SignIN" name="testSignInPopup" time="4.982"/>
  <testcase classname="Cooprate.SignIN" name="test_Email_and_password_Field_Presence" time="9.373"/>
  <testcase classname="Cooprate.SignIN" name="testValidSignIn" time="28.744"/>
  <testcase classname="Cooprate.SignIN" name="testInvalidSignIn" time="7.256"/>
</testsuite> <!-- Cooprate.SignIN -->
