<?xml version="1.0" encoding="UTF-8"?>
<!-- Generated by org.testng.reporters.JUnitReportReporter -->
<testsuite hostname="DESKTOP-T13BMDD" failures="0" tests="4" name="Cooprate.Corporate_Gear_Account_Tests" time="33.586" errors="0" timestamp="2024-12-26T13:02:15 IST" skipped="0">
  <testcase classname="Cooprate.Corporate_Gear_Account_Tests" name="testFormPageLoad" time="6.777"/>
  <testcase classname="Cooprate.Corporate_Gear_Account_Tests" name="testFormFieldsPresence" time="5.983"/>
  <testcase classname="Cooprate.Corporate_Gear_Account_Tests" name="Verify_Mandatory_Fields" time="11.395"/>
  <testcase classname="Cooprate.Corporate_Gear_Account_Tests" name="Verify_with_Invalid_Credentials" time="9.431"/>
</testsuite> <!-- Cooprate.Corporate_Gear_Account_Tests -->
